2023-01-22 17:33:48.235 | INFO     | core.main:start:35 - Log system starts running.
2023-01-22 17:33:48.253 | INFO     | core.main:start:45 - Controller starts running.
2023-01-22 17:33:48.253 | INFO     | core.controller:initialize:23 - Controller starts initializing.
2023-01-22 17:33:48.259 | INFO     | core.instanceManager:createInstances:31 - Create instances according to config.
2023-01-22 17:33:48.262 | SUCCESS  | core.instanceManager:createInstances:42 - Successfully create instances.
2023-01-22 17:33:48.262 | INFO     | core.instanceManager:initDataIn:57 - Init instances data according to config.
2023-01-22 17:33:48.264 | WARNING  | core.io.rasterIO:rasterIO:82 - No driver inputed in config.
2023-01-22 17:33:48.487 | INFO     | core.tools.raster2Txt:raster2Txt:7 - Write raster txt temp\0fe40e92-4ced-41a8-9fcc-196127a0fafaraster.txt.
2023-01-22 17:33:50.281 | INFO     | core.io.jsonIO:_inFromFile:41 - Read json file data/sumo.json
2023-01-22 17:33:50.298 | INFO     | core.io.jsonIO:_inFromFile:41 - Read json file data/test.json
2023-01-22 17:33:50.303 | SUCCESS  | core.instanceManager:initDataIn:67 - Successfully init instances data
2023-01-22 17:33:50.304 | INFO     | core.linkManager:init:29 - Load link declare from config.
2023-01-22 17:33:50.305 | INFO     | core.linkManager:init:32 - Load time config from config.
2023-01-22 17:33:50.306 | INFO     | core.linkManager:init:42 - Set time to 0.
2023-01-22 17:33:50.307 | DEBUG    | core.linkManager:updateEnv:103 - Update env from lMr.
2023-01-22 17:33:50.317 | INFO     | core.controller:initialize:36 - Create Module lisflood.
2023-01-22 17:33:50.318 | INFO     | core.controller:initialize:36 - Create Module landslideEva.
2023-01-22 17:33:50.320 | INFO     | core.controller:initialize:36 - Create Module sumo.
2023-01-22 17:33:50.321 | INFO     | core.controller:initialize:36 - Create Module sumoSpeed.
2023-01-22 17:33:50.322 | SUCCESS  | core.controller:initialize:38 - All modules created.
2023-01-22 17:33:50.323 | DEBUG    | core.linkManager:updateEnv:103 - Update env from lMr.
2023-01-22 17:33:50.324 | INFO     | core.controller:run:43 - Epoch 0 start.
2023-01-22 17:33:50.325 | DEBUG    | core.linkManager:updateEnv:103 - Update env from lMr.
2023-01-22 17:33:50.326 | INFO     | core.controller:run:47 - Now process module lisflood
2023-01-22 17:33:50.328 | INFO     | core.controller:run:61 - No Run it
2023-01-22 17:33:50.329 | DEBUG    | core.controller:recordData:82 - Record inside instances.
2023-01-22 17:33:50.330 | SUCCESS  | core.mod.outputManager:makeRecords:77 - Sucessfully make records in outMr.
2023-01-22 17:33:50.331 | DEBUG    | core.controller:recordData:84 - Record instances.
2023-01-22 17:33:50.332 | INFO     | core.recorderGlobal:geneFilename:34 - Generate filename output2/Out_0_main_dem_0_0_0.ascii
2023-01-22 17:33:50.333 | INFO     | core.tools.raster2Txt:raster2Txt:7 - Write raster txt output2/Out_0_main_dem_0_0_0.ascii.
2023-01-22 17:33:50.824 | SUCCESS  | core.instanceManager:makeRecords:120 - Sucessfully make records in iMr.
2023-01-22 17:33:50.829 | SUCCESS  | core.controller:run:66 - Epoch 0 end.
2023-01-22 17:33:50.831 | DEBUG    | core.linkManager:updateEnv:103 - Update env from lMr.
2023-01-22 17:33:50.832 | INFO     | core.controller:run:43 - Epoch 1 start.
2023-01-22 17:33:50.834 | DEBUG    | core.linkManager:updateEnv:103 - Update env from lMr.
2023-01-22 17:33:50.835 | INFO     | core.controller:run:47 - Now process module lisflood
2023-01-22 17:33:50.836 | INFO     | core.controller:run:61 - No Run it
2023-01-22 17:33:50.837 | DEBUG    | core.controller:recordData:82 - Record inside instances.
2023-01-22 17:33:50.838 | SUCCESS  | core.mod.outputManager:makeRecords:77 - Sucessfully make records in outMr.
2023-01-22 17:33:50.839 | DEBUG    | core.controller:recordData:84 - Record instances.
2023-01-22 17:33:50.840 | SUCCESS  | core.instanceManager:makeRecords:120 - Sucessfully make records in iMr.
2023-01-22 17:33:50.842 | SUCCESS  | core.controller:run:66 - Epoch 1 end.
2023-01-22 17:33:50.843 | DEBUG    | core.linkManager:updateEnv:103 - Update env from lMr.
2023-01-22 17:33:50.844 | INFO     | core.controller:run:43 - Epoch 2 start.
2023-01-22 17:33:50.845 | DEBUG    | core.linkManager:updateEnv:103 - Update env from lMr.
2023-01-22 17:33:50.846 | INFO     | core.controller:run:47 - Now process module lisflood
2023-01-22 17:33:50.847 | INFO     | core.controller:run:61 - No Run it
2023-01-22 17:33:50.848 | DEBUG    | core.controller:recordData:82 - Record inside instances.
2023-01-22 17:33:50.849 | SUCCESS  | core.mod.outputManager:makeRecords:77 - Sucessfully make records in outMr.
2023-01-22 17:33:50.851 | DEBUG    | core.controller:recordData:84 - Record instances.
2023-01-22 17:33:50.852 | SUCCESS  | core.instanceManager:makeRecords:120 - Sucessfully make records in iMr.
2023-01-22 17:33:50.853 | SUCCESS  | core.controller:run:66 - Epoch 2 end.
2023-01-22 17:33:50.854 | SUCCESS  | core.controller:run:67 - Run done.
